-------------------------------------------------------------------------------
Test set: ru.yandex.praktikum.CourierLoginNegativeTests
-------------------------------------------------------------------------------
Tests run: 3, Failures: 1, Errors: 0, Skipped: 0, Time elapsed: 60.849 s <<< FAILURE! - in ru.yandex.praktikum.CourierLoginNegativeTests
shouldResponseBadRequestWhileAuthorizingWithoutPassword(ru.yandex.praktikum.CourierLoginNegativeTests)  Time elapsed: 60.235 s  <<< FAILURE!
java.lang.AssertionError: 
1 expectation failed.
Expected status code <400> but was <504>.

	at ru.yandex.praktikum.CourierLoginNegativeTests.shouldResponseBadRequestWhileAuthorizingWithoutPassword(CourierLoginNegativeTests.java:40)

