-------------------------------------------------------------------------------
Test set: ru.yandex.praktikum.CourierCreatingTests
-------------------------------------------------------------------------------
Tests run: 5, Failures: 2, Errors: 0, Skipped: 0, Time elapsed: 9.433 s <<< FAILURE! - in ru.yandex.praktikum.CourierCreatingTests
shouldResponseBadRequestWithPartialParamsWithinCreating[2](ru.yandex.praktikum.CourierCreatingTests$CourierParametrizedTests)  Time elapsed: 0.419 s  <<< FAILURE!
java.lang.AssertionError: 
1 expectation failed.
JSON path ok doesn't match.
Expected: true
  Actual: <true>

	at ru.yandex.praktikum.CourierCreatingTests$CourierParametrizedTests.shouldResponseBadRequestWithPartialParamsWithinCreating(CourierCreatingTests.java:89)

shouldResponseBadRequestWithPartialParamsWithinCreating[3](ru.yandex.praktikum.CourierCreatingTests$CourierParametrizedTests)  Time elapsed: 0.202 s  <<< FAILURE!
java.lang.AssertionError: 
1 expectation failed.
JSON path message doesn't match.
Expected: Ётот логин уже используетс€
  Actual: Ётот логин уже используетс€. ѕопробуйте другой.

	at ru.yandex.praktikum.CourierCreatingTests$CourierParametrizedTests.shouldResponseBadRequestWithPartialParamsWithinCreating(CourierCreatingTests.java:89)

