-------------------------------------------------------------------------------
Test set: ru.yandex.praktikum.CourierLoginTests
-------------------------------------------------------------------------------
Tests run: 4, Failures: 1, Errors: 0, Skipped: 0, Time elapsed: 61.507 s <<< FAILURE! - in ru.yandex.praktikum.CourierLoginTests
shouldResponseBadRequestWithPartialParamsWithinLogin[1](ru.yandex.praktikum.CourierLoginTests$CourierLoginParametrizedTests)  Time elapsed: 60.304 s  <<< FAILURE!
java.lang.AssertionError: 
1 expectation failed.
Expected status code <400> but was <504>.

	at ru.yandex.praktikum.CourierLoginTests$CourierLoginParametrizedTests.shouldResponseBadRequestWithPartialParamsWithinLogin(CourierLoginTests.java:89)

